[RUNNING] MaskVerticalStripes | V203 | result_normal | Run 6
num_seq = 1
file name: dataset-V203_stereo_imu
Loading images for sequence 0...LOADED!
Loading IMU for sequence 0...LOADED!

-------

ORB-SLAM3 Copyright (C) 2017-2020 Carlos Campos, Richard Elvira, Juan J. Gómez, José M.M. Montiel and Juan D. Tardós, University of Zaragoza.
ORB-SLAM2 Copyright (C) 2014-2016 Raúl Mur-Artal, José M.M. Montiel and Juan D. Tardós, University of Zaragoza.
This program comes with ABSOLUTELY NO WARRANTY;
This is free software, and you are welcome to redistribute it
under certain conditions. See LICENSE.txt.

Built with REGISTER_TIMES
Git Commit Hash: a5a281a-dirty

Build Type: Release

Compiled with C++ version: 201703

Input sensor was set to: Stereo-Inertial
Loading settings from ./Examples/Stereo-Inertial/EuRoC.yaml
Camera1.k3 optional parameter does not exist...
	-Loaded camera 1
Camera2.k3 optional parameter does not exist...
	-Loaded camera 2
Camera.newHeight optional parameter does not exist...
Camera.newWidth optional parameter does not exist...
	-Loaded image info
IMU.InsertKFsWhenLost optional parameter does not exist...
	-Loaded IMU calibration
	-Loaded ORB settings
	-Loaded viewer settings
System.LoadAtlasFromFile optional parameter does not exist...
System.SaveAtlasToFile optional parameter does not exist...
	-Loaded Atlas settings
System.thFarPoints optional parameter does not exist...
System.enableDeadlines optional parameter does not exist...
System.enableFOV optional parameter does not exist...
System.maskHeight optional parameter does not exist...
System.maskWidth optional parameter does not exist...
System.enableOasis optional parameter does not exist...
System.dumpMapPoints optional parameter does not exist...
	-Loaded misc parameters
	-Computed rectification maps
----------------------------------
SLAM settings: 
	-Camera 1 parameters (Pinhole): [ 458.65399169921875 457.29598999023438 367.21499633789062 248.375 ]
	-Camera 1 distortion parameters: [  -0.28340810537338257 0.073959067463874817 0.00019359000725671649 1.7618711353861727e-05 ]
	-Camera 2 parameters (Pinhole: [ 457.58700561523438 456.13400268554688 379.99899291992188 255.23800659179688 ]
	-Camera 1 distortion parameters: [  -0.2836836576461792 0.074512839317321777 -0.00010473000293131918 -3.555907096597366e-05 ]
	-Original image size: [ 752 , 480 ]
	-Current image size: [ 752 , 480 ]
	-Camera 1 parameters after rectification: [  456.71499633789062 456.71499633789062 364.52615356445312 257.268798828125 ]
	-Sequence FPS: 20
	-Stereo baseline: 0.11007784307003021
	-Stereo depth threshold : 60
	-Gyro noise: 0.00016999999934341758
	-Accelerometer noise: 0.0020000000949949026
	-Gyro walk: 1.9392999092815444e-05
	-Accelerometer walk: 0.0030000000260770321
	-IMU frequency: 200
	-Features per image: 1200
	-ORB scale factor: 1.2000000476837158
	-ORB number of scales: 8
	-Initial FAST threshold: 20
	-Min FAST threshold: 7


Loading ORB Vocabulary. This could take a while...
Vocabulary loaded!

Initialization of Atlas from scratch 
Creation of new map with id: 0
Creation of new map with last KF id: 0
Seq. Name: 
There are 1 cameras in the atlas
Camera 0 is pinhole
SLAM Started at System Time: 1752980601.0283
not IMU meas
not IMU meas
not enough acceleration
not enough acceleration
not enough acceleration
not enough acceleration
not enough acceleration
not enough acceleration
not enough acceleration
not enough acceleration
not enough acceleration
not enough acceleration
not enough acceleration
not enough acceleration
not enough acceleration
not enough acceleration
not enough acceleration
not enough acceleration
not enough acceleration
not enough acceleration
not enough acceleration
not enough acceleration
not enough acceleration
not enough acceleration
not enough acceleration
not enough acceleration
not enough acceleration
not enough acceleration
not enough acceleration
not enough acceleration
not enough acceleration
not enough acceleration
not enough acceleration
not enough acceleration
not enough acceleration
not enough acceleration
not enough acceleration
not enough acceleration
not enough acceleration
not enough acceleration
not enough acceleration
not enough acceleration
not enough acceleration
not enough acceleration
not enough acceleration
not enough acceleration
not enough acceleration
not enough acceleration
not enough acceleration
not enough acceleration
not enough acceleration
not enough acceleration
not enough acceleration
not enough acceleration
not enough acceleration
not enough acceleration
not enough acceleration
not enough acceleration
not enough acceleration
not enough acceleration
not enough acceleration
not enough acceleration
not enough acceleration
not enough acceleration
not enough acceleration
not enough acceleration
not enough acceleration
not enough acceleration
not enough acceleration
not enough acceleration
not enough acceleration
not enough acceleration
not enough acceleration
not enough acceleration
not enough acceleration
not enough acceleration
not enough acceleration
not enough acceleration
not enough acceleration
not enough acceleration
not enough acceleration
not enough acceleration
not enough acceleration
not enough acceleration
not enough acceleration
not enough acceleration
not enough acceleration
not enough acceleration
not enough acceleration
not enough acceleration
not enough acceleration
not enough acceleration
not enough acceleration
not enough acceleration
not enough acceleration
not enough acceleration
not enough acceleration
not enough acceleration
not enough acceleration
not enough acceleration
not enough acceleration
not enough acceleration
not enough acceleration
not enough acceleration
not enough acceleration
not enough acceleration
not enough acceleration
not enough acceleration
not enough acceleration
First KF:0; Map init KF:0
New Map created with 423 points
Active map: 0
start VIBA 1
end VIBA 1
start VIBA 2
end VIBA 2
*Loop detected
phi = -0.0038496811419583762  -0.013706857322927783   0.027512652931822344
BAD LOOP!!!
*Loop detected
phi = -0.0036791498536226631  -0.026268386532851438   0.016024843224198816
BAD LOOP!!!
*Loop detected
phi = -0.0043596221712328635   0.012154515397708596  -0.012259766077787861
BAD LOOP!!!
*Loop detected
phi = -0.005533960219413007 0.0087968499013899512 0.0060621784031567845
BAD LOOP!!!
*Loop detected
phi = -0.0044494035966202274   0.036359240309697519  0.0065661318036449607
BAD LOOP!!!
*Loop detected
phi = -0.0089370256334829253   0.066486822162238696  -0.045434598188684318
BAD LOOP!!!
*Loop detected
phi = -0.0051917223394628139   0.044409223934097117    -0.1438514403346812
BAD LOOP!!!
*Loop detected
phi = -0.0093337462562156828    0.06926332751975614 -0.0019054683621950235
BAD LOOP!!!
*Loop detected
phi = -0.019051407285639511   0.13189366900635779  0.059767722042205214
BAD LOOP!!!
*Loop detected
phi = -0.004516861306636903  0.093275198802365844 -0.024309137437613433
BAD LOOP!!!
*Loop detected
phi =    0.011640841242590332 -0.00058712320734520486    -0.04210362611291707
BAD LOOP!!!
*Loop detected
phi =  0.035217043114911542 -0.017955311020301779 -0.044027029551371159
BAD LOOP!!!
*Loop detected
phi =  0.026444568270558001 -0.035354448839839701 -0.032816712401026932
BAD LOOP!!!
*Loop detected
phi = -0.019589997315845264 0.0068761472312633617   0.10565958278612035
BAD LOOP!!!
*Loop detected
phi =  0.0088464580809630225 -0.0072414571167517096  -0.022551758546222198
BAD LOOP!!!
*Loop detected
phi =  0.019077680663122914 -0.016444667474240959 -0.014062214253008307
BAD LOOP!!!
*Loop detected
phi = -0.00010794464434682861   0.0040785854260279647    0.014294233816420001
Local Mapping STOP
Local Mapping RELEASE
Fail to track local map!
Shutdown
SLAM Finished at System Time: 1752980732.55909

 TIME STATS in ms (mean$\pm$std)
OpenCV version: 4.8.1
---------------------------
Tracking

ORB Extraction: 17.89$\pm$2.1602
Stereo Matching: 7.5286$\pm$2.4077
IMU Preintegration: 0.18882$\pm$0.071957
Pose Prediction: 0.26819$\pm$0.99283
LM Track: 14.395$\pm$3.8319
New KF decision: 0.38912$\pm$0.38453
Total Tracking: 44.406$\pm$6.6131



Local Mapping

KF Insertion: 10.754$\pm$3.3313
MP Culling: 0.56922$\pm$0.1992
MP Creation: 36.415$\pm$13.121
LBA: 99.028$\pm$37.704
KF Culling: 8.5524$\pm$6.5988
Total Local Mapping: 155.58$\pm$49.183
---------------------------

LBA complexity (mean$\pm$std)
LBA Edges: 2879.5$\pm$875.9
LBA KF optimized: 6.5$\pm$2.2913
LBA KF fixed: 1$\pm$0
LBA MP: nan$\pm$nan

LBA executions: 561
LBA aborts: 0
---------------------------

Map complexity
KFs in map: 219
MPs in map: 10412
---------------------------

Place Recognition (mean$\pm$std)
Database Query: 1.8892$\pm$0.98404
SE3 estimation: 15.69$\pm$11.331
Total Place Recognition: 15.318$\pm$12.518


Loop Closing (mean$\pm$std)
Loop Fusion: 174.49$\pm$0
Essential Graph: 98.43$\pm$0
Total Loop Closing: 311.68$\pm$0

Num exec: 1
Number of KFs: nan$\pm$nan

Map Merging (mean$\pm$std)
Merge Maps: nan$\pm$nan
Welding BA: nan$\pm$nan
Optimization Ess.: nan$\pm$nan
Total Map Merging: nan$\pm$nan

Num exec: 0
Number of KFs: nan$\pm$nan
Number of MPs: nan$\pm$nan

Full GBA (mean$\pm$std)
GBA: nan$\pm$nan
Map Update: nan$\pm$nan
Total Full GBA: nan$\pm$nan

Num exec: 0
Num abort: 0
Number of KFs: nan$\pm$nan
Number of MPs: nan$\pm$nan

Saving trajectory to f_dataset-V203_stereo_imu.txt ...
There are 1 maps in the atlas
  Map 0 has 219 KFs

End of saving trajectory to f_dataset-V203_stereo_imu.txt ...

Saving keyframe trajectory to kf_dataset-V203_stereo_imu.txt ...
