[RUNNING] MaskVerticalStripes | V201 | result_normal | Run 9
num_seq = 1
file name: dataset-V201_stereo_imu
Loading images for sequence 0...LOADED!
Loading IMU for sequence 0...LOADED!

-------

ORB-SLAM3 Copyright (C) 2017-2020 Carlos Campos, Richard Elvira, Juan J. Gómez, José M.M. Montiel and Juan D. Tardós, University of Zaragoza.
ORB-SLAM2 Copyright (C) 2014-2016 Raúl Mur-Artal, José M.M. Montiel and Juan D. Tardós, University of Zaragoza.
This program comes with ABSOLUTELY NO WARRANTY;
This is free software, and you are welcome to redistribute it
under certain conditions. See LICENSE.txt.

Built with REGISTER_TIMES
Git Commit Hash: a5a281a-dirty

Build Type: Release

Compiled with C++ version: 201703

Input sensor was set to: Stereo-Inertial
Loading settings from ./Examples/Stereo-Inertial/EuRoC.yaml
Camera1.k3 optional parameter does not exist...
	-Loaded camera 1
Camera2.k3 optional parameter does not exist...
	-Loaded camera 2
Camera.newHeight optional parameter does not exist...
Camera.newWidth optional parameter does not exist...
	-Loaded image info
IMU.InsertKFsWhenLost optional parameter does not exist...
	-Loaded IMU calibration
	-Loaded ORB settings
	-Loaded viewer settings
System.LoadAtlasFromFile optional parameter does not exist...
System.SaveAtlasToFile optional parameter does not exist...
	-Loaded Atlas settings
System.thFarPoints optional parameter does not exist...
System.enableDeadlines optional parameter does not exist...
System.enableFOV optional parameter does not exist...
System.maskHeight optional parameter does not exist...
System.maskWidth optional parameter does not exist...
System.enableOasis optional parameter does not exist...
System.dumpMapPoints optional parameter does not exist...
	-Loaded misc parameters
	-Computed rectification maps
----------------------------------
SLAM settings: 
	-Camera 1 parameters (Pinhole): [ 458.65399169921875 457.29598999023438 367.21499633789062 248.375 ]
	-Camera 1 distortion parameters: [  -0.28340810537338257 0.073959067463874817 0.00019359000725671649 1.7618711353861727e-05 ]
	-Camera 2 parameters (Pinhole: [ 457.58700561523438 456.13400268554688 379.99899291992188 255.23800659179688 ]
	-Camera 1 distortion parameters: [  -0.2836836576461792 0.074512839317321777 -0.00010473000293131918 -3.555907096597366e-05 ]
	-Original image size: [ 752 , 480 ]
	-Current image size: [ 752 , 480 ]
	-Camera 1 parameters after rectification: [  456.71499633789062 456.71499633789062 364.52615356445312 257.268798828125 ]
	-Sequence FPS: 20
	-Stereo baseline: 0.11007784307003021
	-Stereo depth threshold : 60
	-Gyro noise: 0.00016999999934341758
	-Accelerometer noise: 0.0020000000949949026
	-Gyro walk: 1.9392999092815444e-05
	-Accelerometer walk: 0.0030000000260770321
	-IMU frequency: 200
	-Features per image: 1200
	-ORB scale factor: 1.2000000476837158
	-ORB number of scales: 8
	-Initial FAST threshold: 20
	-Min FAST threshold: 7


Loading ORB Vocabulary. This could take a while...
Vocabulary loaded!

Initialization of Atlas from scratch 
Creation of new map with id: 0
Creation of new map with last KF id: 0
Seq. Name: 
There are 1 cameras in the atlas
Camera 0 is pinhole
SLAM Started at System Time: 1752978205.50127
not IMU meas
not IMU meas
not enough acceleration
not enough acceleration
not enough acceleration
not enough acceleration
not enough acceleration
not enough acceleration
not enough acceleration
not enough acceleration
not enough acceleration
not enough acceleration
not enough acceleration
not enough acceleration
not enough acceleration
not enough acceleration
not enough acceleration
not enough acceleration
not enough acceleration
not enough acceleration
not enough acceleration
not enough acceleration
not enough acceleration
not enough acceleration
not enough acceleration
not enough acceleration
not enough acceleration
not enough acceleration
not enough acceleration
not enough acceleration
not enough acceleration
not enough acceleration
not enough acceleration
not enough acceleration
not enough acceleration
not enough acceleration
not enough acceleration
not enough acceleration
not enough acceleration
not enough acceleration
not enough acceleration
not enough acceleration
not enough acceleration
not enough acceleration
not enough acceleration
not enough acceleration
not enough acceleration
not enough acceleration
not enough acceleration
not enough acceleration
not enough acceleration
not enough acceleration
not enough acceleration
not enough acceleration
not enough acceleration
not enough acceleration
not enough acceleration
not enough acceleration
not enough acceleration
not enough acceleration
not enough acceleration
not enough acceleration
not enough acceleration
not enough acceleration
not enough acceleration
not enough acceleration
not enough acceleration
not enough acceleration
not enough acceleration
not enough acceleration
not enough acceleration
not enough acceleration
not enough acceleration
not enough acceleration
not enough acceleration
not enough acceleration
not enough acceleration
not enough acceleration
not enough acceleration
not enough acceleration
not enough acceleration
not enough acceleration
not enough acceleration
not enough acceleration
not enough acceleration
not enough acceleration
First KF:0; Map init KF:0
New Map created with 871 points
Active map: 0
start VIBA 1
end VIBA 1
start VIBA 2
end VIBA 2
Shutdown
SLAM Finished at System Time: 1752978336.02068

 TIME STATS in ms (mean$\pm$std)
OpenCV version: 4.8.1
---------------------------
Tracking

ORB Extraction: 19.666$\pm$2.3375
Stereo Matching: 7.8459$\pm$2.6797
IMU Preintegration: 0.18995$\pm$0.055282
Pose Prediction: 0.3491$\pm$1.4006
LM Track: 16.904$\pm$2.5198
New KF decision: 0.28939$\pm$0.3272
Total Tracking: 49.15$\pm$4.0424



Local Mapping

KF Insertion: 15.101$\pm$4.5459
MP Culling: 0.67687$\pm$0.21454
MP Creation: 43.023$\pm$13.636
LBA: 159.79$\pm$35.137
KF Culling: 15.472$\pm$8.2698
Total Local Mapping: 234.39$\pm$52.033
---------------------------

LBA complexity (mean$\pm$std)
LBA Edges: 4511.4$\pm$1298.1
LBA KF optimized: 6.5$\pm$2.2913
LBA KF fixed: 1$\pm$0
LBA MP: nan$\pm$nan

LBA executions: 312
LBA aborts: 0
---------------------------

Map complexity
KFs in map: 91
MPs in map: 7735
---------------------------

Place Recognition (mean$\pm$std)
Database Query: 1.6241$\pm$0.7989
SE3 estimation: 20.848$\pm$15.123
Total Place Recognition: 19.075$\pm$16.569


Loop Closing (mean$\pm$std)
Loop Fusion: nan$\pm$nan
Essential Graph: nan$\pm$nan
Total Loop Closing: nan$\pm$nan

Num exec: 0
Number of KFs: nan$\pm$nan

Map Merging (mean$\pm$std)
Merge Maps: nan$\pm$nan
Welding BA: nan$\pm$nan
Optimization Ess.: nan$\pm$nan
Total Map Merging: nan$\pm$nan

Num exec: 0
Number of KFs: nan$\pm$nan
Number of MPs: nan$\pm$nan

Full GBA (mean$\pm$std)
GBA: nan$\pm$nan
Map Update: nan$\pm$nan
Total Full GBA: nan$\pm$nan

Num exec: 0
Num abort: 0
Number of KFs: nan$\pm$nan
Number of MPs: nan$\pm$nan

Saving trajectory to f_dataset-V201_stereo_imu.txt ...
There are 1 maps in the atlas
  Map 0 has 91 KFs

End of saving trajectory to f_dataset-V201_stereo_imu.txt ...

Saving keyframe trajectory to kf_dataset-V201_stereo_imu.txt ...
