[RUNNING] MaskCheckerboard | V203 | result_normal | Run 5
num_seq = 1
file name: dataset-V203_stereo_imu
Loading images for sequence 0...LOADED!
Loading IMU for sequence 0...LOADED!

-------

ORB-SLAM3 Copyright (C) 2017-2020 Carlos Campos, Richard Elvira, Juan J. Gómez, José M.M. Montiel and Juan D. Tardós, University of Zaragoza.
ORB-SLAM2 Copyright (C) 2014-2016 Raúl Mur-Artal, José M.M. Montiel and Juan D. Tardós, University of Zaragoza.
This program comes with ABSOLUTELY NO WARRANTY;
This is free software, and you are welcome to redistribute it
under certain conditions. See LICENSE.txt.

Built with REGISTER_TIMES
Git Commit Hash: a5a281a-dirty

Build Type: Release

Compiled with C++ version: 201703

Input sensor was set to: Stereo-Inertial
Loading settings from ./Examples/Stereo-Inertial/EuRoC.yaml
Camera1.k3 optional parameter does not exist...
	-Loaded camera 1
Camera2.k3 optional parameter does not exist...
	-Loaded camera 2
Camera.newHeight optional parameter does not exist...
Camera.newWidth optional parameter does not exist...
	-Loaded image info
IMU.InsertKFsWhenLost optional parameter does not exist...
	-Loaded IMU calibration
	-Loaded ORB settings
	-Loaded viewer settings
System.LoadAtlasFromFile optional parameter does not exist...
System.SaveAtlasToFile optional parameter does not exist...
	-Loaded Atlas settings
System.thFarPoints optional parameter does not exist...
System.enableDeadlines optional parameter does not exist...
System.enableFOV optional parameter does not exist...
System.maskHeight optional parameter does not exist...
System.maskWidth optional parameter does not exist...
System.enableOasis optional parameter does not exist...
System.dumpMapPoints optional parameter does not exist...
	-Loaded misc parameters
	-Computed rectification maps
----------------------------------
SLAM settings: 
	-Camera 1 parameters (Pinhole): [ 458.65399169921875 457.29598999023438 367.21499633789062 248.375 ]
	-Camera 1 distortion parameters: [  -0.28340810537338257 0.073959067463874817 0.00019359000725671649 1.7618711353861727e-05 ]
	-Camera 2 parameters (Pinhole: [ 457.58700561523438 456.13400268554688 379.99899291992188 255.23800659179688 ]
	-Camera 1 distortion parameters: [  -0.2836836576461792 0.074512839317321777 -0.00010473000293131918 -3.555907096597366e-05 ]
	-Original image size: [ 752 , 480 ]
	-Current image size: [ 752 , 480 ]
	-Camera 1 parameters after rectification: [  456.71499633789062 456.71499633789062 364.52615356445312 257.268798828125 ]
	-Sequence FPS: 20
	-Stereo baseline: 0.11007784307003021
	-Stereo depth threshold : 60
	-Gyro noise: 0.00016999999934341758
	-Accelerometer noise: 0.0020000000949949026
	-Gyro walk: 1.9392999092815444e-05
	-Accelerometer walk: 0.0030000000260770321
	-IMU frequency: 200
	-Features per image: 1200
	-ORB scale factor: 1.2000000476837158
	-ORB number of scales: 8
	-Initial FAST threshold: 20
	-Min FAST threshold: 7


Loading ORB Vocabulary. This could take a while...
Vocabulary loaded!

Initialization of Atlas from scratch 
Creation of new map with id: 0
Creation of new map with last KF id: 0
Seq. Name: 
There are 1 cameras in the atlas
Camera 0 is pinhole
SLAM Started at System Time: 1753014389.0173
not IMU meas
not IMU meas
not enough acceleration
not enough acceleration
not enough acceleration
not enough acceleration
not enough acceleration
not enough acceleration
not enough acceleration
not enough acceleration
not enough acceleration
not enough acceleration
not enough acceleration
not enough acceleration
not enough acceleration
not enough acceleration
not enough acceleration
not enough acceleration
not enough acceleration
not enough acceleration
not enough acceleration
not enough acceleration
not enough acceleration
not enough acceleration
not enough acceleration
not enough acceleration
not enough acceleration
not enough acceleration
not enough acceleration
not enough acceleration
not enough acceleration
not enough acceleration
not enough acceleration
not enough acceleration
not enough acceleration
not enough acceleration
not enough acceleration
not enough acceleration
not enough acceleration
not enough acceleration
not enough acceleration
not enough acceleration
not enough acceleration
not enough acceleration
not enough acceleration
not enough acceleration
not enough acceleration
not enough acceleration
not enough acceleration
not enough acceleration
not enough acceleration
not enough acceleration
not enough acceleration
not enough acceleration
not enough acceleration
not enough acceleration
not enough acceleration
not enough acceleration
not enough acceleration
not enough acceleration
not enough acceleration
not enough acceleration
not enough acceleration
not enough acceleration
not enough acceleration
not enough acceleration
not enough acceleration
not enough acceleration
not enough acceleration
not enough acceleration
not enough acceleration
not enough acceleration
not enough acceleration
not enough acceleration
not enough acceleration
not enough acceleration
not enough acceleration
not enough acceleration
not enough acceleration
not enough acceleration
not enough acceleration
not enough acceleration
not enough acceleration
not enough acceleration
not enough acceleration
not enough acceleration
not enough acceleration
not enough acceleration
not enough acceleration
not enough acceleration
not enough acceleration
not enough acceleration
not enough acceleration
not enough acceleration
not enough acceleration
not enough acceleration
not enough acceleration
not enough acceleration
not enough acceleration
not enough acceleration
not enough acceleration
not enough acceleration
not enough acceleration
not enough acceleration
not enough acceleration
not enough acceleration
not enough acceleration
not enough acceleration
not enough acceleration
First KF:0; Map init KF:0
New Map created with 423 points
Active map: 0
start VIBA 1
end VIBA 1
start VIBA 2
end VIBA 2
*Loop detected
phi = -0.0012298276578408796   0.030674741964199285  -0.068108116338206875
BAD LOOP!!!
*Loop detected
phi = -0.0068315472208580457   0.031314919004013134  0.0081990636068268018
BAD LOOP!!!
*Loop detected
phi = -0.013814178674328034  0.085862490518718831 -0.036398625817333358
BAD LOOP!!!
*Loop detected
phi = -0.019863744914214648   0.12211183537490743 -0.067882070756492524
BAD LOOP!!!
*Loop detected
phi = -0.012256430166928943  0.087296067977336689 -0.041394362601839721
BAD LOOP!!!
*Loop detected
phi =  -0.019131446796811717 -0.0068073707904209267   0.022067530145544776
BAD LOOP!!!
*Loop detected
phi =  -0.039079121770842759 -0.0055112902295669898   0.012881967092826237
BAD LOOP!!!
*Loop detected
phi = -0.015694061373480835 0.0056004978414036675  0.028302576763230655
BAD LOOP!!!
*Loop detected
phi =    0.01764898893722712 -0.0016155068294492873  -0.054115927344214415
BAD LOOP!!!
*Loop detected
phi =   0.02723209067178008 -0.033881776726878865 -0.073144964407615018
BAD LOOP!!!
*Loop detected
phi =  0.015537232426832243 -0.018015695293965975 -0.078112433687027125
BAD LOOP!!!
*Loop detected
phi = 0.0088718391757648344 -0.015083294384068786 -0.025468487908785736
BAD LOOP!!!
*Loop detected
phi = -0.00065596899344950066  -0.0089879453138246596    0.023340566377018583
BAD LOOP!!!
*Loop detected
phi = -0.0097408952382772029  0.0080609499050579188   0.057250094411871372
BAD LOOP!!!
*Loop detected
phi = -0.0084422238010626489  -0.001220384222010217   0.062437951279653965
BAD LOOP!!!
*Loop detected
phi = -0.025083235996953532   0.02831034382402952  0.051399535428455233
BAD LOOP!!!
*Loop detected
phi = -0.015403883055585774  0.037006845657606507  0.083794680702738364
BAD LOOP!!!
*Loop detected
phi = -0.0040016368702958677  0.0040523973002991407   0.010214505961779108
Local Mapping STOP
Local Mapping RELEASE
Local Mapping STOP
Local Mapping RELEASE
Fail to track local map!
Fail to track local map!
Fail to track local map!
Fail to track local map!
Fail to track local map!
Fail to track local map!
Fail to track local map!
Fail to track local map!
Fail to track local map!
Fail to track local map!
Fail to track local map!
Fail to track local map!
Fail to track local map!
Fail to track local map!
Fail to track local map!
Fail to track local map!
Fail to track local map!
Fail to track local map!
Fail to track local map!
Fail to track local map!
Fail to track local map!
Fail to track local map!
Fail to track local map!
Shutdown
SLAM Finished at System Time: 1753014520.74174

 TIME STATS in ms (mean$\pm$std)
OpenCV version: 4.8.1
---------------------------
Tracking

ORB Extraction: 17.774$\pm$2.1025
Stereo Matching: 7.6547$\pm$2.3809
IMU Preintegration: 0.18214$\pm$0.06326
Pose Prediction: 0.2701$\pm$0.98173
LM Track: 14.747$\pm$4.293
New KF decision: 0.39074$\pm$0.38245
Total Tracking: 44.694$\pm$6.7716



Local Mapping

KF Insertion: 10.878$\pm$3.6491
MP Culling: 0.56944$\pm$0.20343
MP Creation: 36.58$\pm$13.587
LBA: 97.073$\pm$37.454
KF Culling: 8.0527$\pm$5.999
Total Local Mapping: 153.48$\pm$50.061
---------------------------

LBA complexity (mean$\pm$std)
LBA Edges: 2861.8$\pm$862.17
LBA KF optimized: 6.5$\pm$2.2913
LBA KF fixed: 1$\pm$0
LBA MP: nan$\pm$nan

LBA executions: 565
LBA aborts: 1
---------------------------

Map complexity
KFs in map: 210
MPs in map: 9640
---------------------------

Place Recognition (mean$\pm$std)
Database Query: 1.8202$\pm$0.9807
SE3 estimation: 15.895$\pm$13.131
Total Place Recognition: 15.384$\pm$14.023


Loop Closing (mean$\pm$std)
Loop Fusion: 175.02$\pm$0
Essential Graph: 93.458$\pm$0
Total Loop Closing: 303.67$\pm$0

Num exec: 1
Number of KFs: nan$\pm$nan

Map Merging (mean$\pm$std)
Merge Maps: nan$\pm$nan
Welding BA: nan$\pm$nan
Optimization Ess.: nan$\pm$nan
Total Map Merging: nan$\pm$nan

Num exec: 0
Number of KFs: nan$\pm$nan
Number of MPs: nan$\pm$nan

Full GBA (mean$\pm$std)
GBA: 1355.8$\pm$0
Map Update: 117.23$\pm$0
Total Full GBA: 1473.1$\pm$0

Num exec: 1
Num abort: 0
Number of KFs: 192$\pm$0
Number of MPs: 11341$\pm$0

Saving trajectory to f_dataset-V203_stereo_imu.txt ...
There are 1 maps in the atlas
  Map 0 has 210 KFs

End of saving trajectory to f_dataset-V203_stereo_imu.txt ...

Saving keyframe trajectory to kf_dataset-V203_stereo_imu.txt ...
