[RUNNING] MaskRandom | V203 | result_normal | Run 10
num_seq = 1
file name: dataset-V203_stereo_imu
Loading images for sequence 0...LOADED!
Loading IMU for sequence 0...LOADED!

-------

ORB-SLAM3 Copyright (C) 2017-2020 Carlos Campos, Richard Elvira, Juan J. Gómez, José M.M. Montiel and Juan D. Tardós, University of Zaragoza.
ORB-SLAM2 Copyright (C) 2014-2016 Raúl Mur-Artal, José M.M. Montiel and Juan D. Tardós, University of Zaragoza.
This program comes with ABSOLUTELY NO WARRANTY;
This is free software, and you are welcome to redistribute it
under certain conditions. See LICENSE.txt.

Built with REGISTER_TIMES
Git Commit Hash: a5a281a-dirty

Build Type: Release

Compiled with C++ version: 201703

Input sensor was set to: Stereo-Inertial
Loading settings from ./Examples/Stereo-Inertial/EuRoC.yaml
Camera1.k3 optional parameter does not exist...
	-Loaded camera 1
Camera2.k3 optional parameter does not exist...
	-Loaded camera 2
Camera.newHeight optional parameter does not exist...
Camera.newWidth optional parameter does not exist...
	-Loaded image info
IMU.InsertKFsWhenLost optional parameter does not exist...
	-Loaded IMU calibration
	-Loaded ORB settings
	-Loaded viewer settings
System.LoadAtlasFromFile optional parameter does not exist...
System.SaveAtlasToFile optional parameter does not exist...
	-Loaded Atlas settings
System.thFarPoints optional parameter does not exist...
System.enableDeadlines optional parameter does not exist...
System.enableFOV optional parameter does not exist...
System.maskHeight optional parameter does not exist...
System.maskWidth optional parameter does not exist...
System.enableOasis optional parameter does not exist...
System.dumpMapPoints optional parameter does not exist...
	-Loaded misc parameters
	-Computed rectification maps
----------------------------------
SLAM settings: 
	-Camera 1 parameters (Pinhole): [ 458.65399169921875 457.29598999023438 367.21499633789062 248.375 ]
	-Camera 1 distortion parameters: [  -0.28340810537338257 0.073959067463874817 0.00019359000725671649 1.7618711353861727e-05 ]
	-Camera 2 parameters (Pinhole: [ 457.58700561523438 456.13400268554688 379.99899291992188 255.23800659179688 ]
	-Camera 1 distortion parameters: [  -0.2836836576461792 0.074512839317321777 -0.00010473000293131918 -3.555907096597366e-05 ]
	-Original image size: [ 752 , 480 ]
	-Current image size: [ 752 , 480 ]
	-Camera 1 parameters after rectification: [  456.71499633789062 456.71499633789062 364.52615356445312 257.268798828125 ]
	-Sequence FPS: 20
	-Stereo baseline: 0.11007784307003021
	-Stereo depth threshold : 60
	-Gyro noise: 0.00016999999934341758
	-Accelerometer noise: 0.0020000000949949026
	-Gyro walk: 1.9392999092815444e-05
	-Accelerometer walk: 0.0030000000260770321
	-IMU frequency: 200
	-Features per image: 1200
	-ORB scale factor: 1.2000000476837158
	-ORB number of scales: 8
	-Initial FAST threshold: 20
	-Min FAST threshold: 7


Loading ORB Vocabulary. This could take a while...
Vocabulary loaded!

Initialization of Atlas from scratch 
Creation of new map with id: 0
Creation of new map with last KF id: 0
Seq. Name: 
There are 1 cameras in the atlas
Camera 0 is pinhole
SLAM Started at System Time: 1752964179.04054
not IMU meas
not IMU meas
not enough acceleration
not enough acceleration
not enough acceleration
not enough acceleration
not enough acceleration
not enough acceleration
not enough acceleration
not enough acceleration
not enough acceleration
not enough acceleration
not enough acceleration
not enough acceleration
not enough acceleration
not enough acceleration
not enough acceleration
not enough acceleration
not enough acceleration
not enough acceleration
not enough acceleration
not enough acceleration
not enough acceleration
not enough acceleration
not enough acceleration
not enough acceleration
not enough acceleration
not enough acceleration
not enough acceleration
not enough acceleration
not enough acceleration
not enough acceleration
not enough acceleration
not enough acceleration
not enough acceleration
not enough acceleration
not enough acceleration
not enough acceleration
not enough acceleration
not enough acceleration
not enough acceleration
not enough acceleration
not enough acceleration
not enough acceleration
not enough acceleration
not enough acceleration
not enough acceleration
not enough acceleration
not enough acceleration
not enough acceleration
not enough acceleration
not enough acceleration
not enough acceleration
not enough acceleration
not enough acceleration
not enough acceleration
not enough acceleration
not enough acceleration
not enough acceleration
not enough acceleration
not enough acceleration
not enough acceleration
not enough acceleration
not enough acceleration
not enough acceleration
not enough acceleration
not enough acceleration
not enough acceleration
not enough acceleration
not enough acceleration
not enough acceleration
not enough acceleration
not enough acceleration
not enough acceleration
not enough acceleration
not enough acceleration
not enough acceleration
not enough acceleration
not enough acceleration
not enough acceleration
not enough acceleration
not enough acceleration
not enough acceleration
not enough acceleration
not enough acceleration
not enough acceleration
not enough acceleration
not enough acceleration
not enough acceleration
not enough acceleration
not enough acceleration
not enough acceleration
not enough acceleration
not enough acceleration
not enough acceleration
not enough acceleration
not enough acceleration
not enough acceleration
not enough acceleration
not enough acceleration
not enough acceleration
not enough acceleration
not enough acceleration
not enough acceleration
not enough acceleration
not enough acceleration
not enough acceleration
not enough acceleration
not enough acceleration
First KF:0; Map init KF:0
New Map created with 423 points
Active map: 0
start VIBA 1
end VIBA 1
start VIBA 2
end VIBA 2
*Loop detected
phi =  0.0096886295557865737 -0.0032329048780519241  -0.015350943550049449
BAD LOOP!!!
*Loop detected
phi =    0.02032387277746699    0.05659366929540726 -0.0098899796962750482
BAD LOOP!!!
*Loop detected
phi = 0.018298058509732432 0.039614196116565283 0.022687551171786204
BAD LOOP!!!
*Loop detected
phi =  0.033489408176762561  0.094349281223101378 -0.018910514394423119
BAD LOOP!!!
*Loop detected
phi =  0.087140651342842115   0.23725906158409241 -0.089026473445726589
BAD LOOP!!!
*Loop detected
phi = 0.057729833989320009  0.13081104943376276 -0.21233132982844485
BAD LOOP!!!
*Loop detected
phi = 0.063188880178055476  0.14041867988310797 -0.13725793524592222
BAD LOOP!!!
*Loop detected
phi = 0.086019807951452698  0.15283049366244858 -0.17727198235845282
BAD LOOP!!!
Fail to track local map!
*Loop detected
phi =  -0.026176508738037459   0.011599248552628979 -0.0053596427402563254
BAD LOOP!!!
*Loop detected
phi =  -0.015124165522132572 0.00076495235882241509 0.00073923700722415238
BAD LOOP!!!
*Loop detected
phi = -0.0044824543027660452  0.0049906672312113251  0.0027336306979618454
Local Mapping STOP
Local Mapping RELEASE
Local Mapping STOP
Local Mapping RELEASE
Fail to track local map!
Shutdown
SLAM Finished at System Time: 1752964311.05662

 TIME STATS in ms (mean$\pm$std)
OpenCV version: 4.8.1
---------------------------
Tracking

ORB Extraction: 17.763$\pm$2.2475
Stereo Matching: 7.8607$\pm$2.3361
IMU Preintegration: 0.19081$\pm$0.067501
Pose Prediction: 0.27164$\pm$0.98823
LM Track: 14.9$\pm$3.4505
New KF decision: 0.3983$\pm$0.3865
Total Tracking: 45.077$\pm$6.0629



Local Mapping

KF Insertion: 10.832$\pm$3.3198
MP Culling: 0.58487$\pm$0.2024
MP Creation: 37.584$\pm$13.202
LBA: 99.831$\pm$36.819
KF Culling: 8.4219$\pm$6.1689
Total Local Mapping: 157.69$\pm$47.799
---------------------------

LBA complexity (mean$\pm$std)
LBA Edges: 2871.9$\pm$869.63
LBA KF optimized: 6.5$\pm$2.2913
LBA KF fixed: 1$\pm$0
LBA MP: nan$\pm$nan

LBA executions: 556
LBA aborts: 0
---------------------------

Map complexity
KFs in map: 211
MPs in map: 10499
---------------------------

Place Recognition (mean$\pm$std)
Database Query: 1.934$\pm$1.0022
SE3 estimation: 16.497$\pm$11.919
Total Place Recognition: 16.047$\pm$13.131


Loop Closing (mean$\pm$std)
Loop Fusion: 64.178$\pm$0
Essential Graph: 130.54$\pm$0
Total Loop Closing: 208.48$\pm$0

Num exec: 1
Number of KFs: nan$\pm$nan

Map Merging (mean$\pm$std)
Merge Maps: nan$\pm$nan
Welding BA: nan$\pm$nan
Optimization Ess.: nan$\pm$nan
Total Map Merging: nan$\pm$nan

Num exec: 0
Number of KFs: nan$\pm$nan
Number of MPs: nan$\pm$nan

Full GBA (mean$\pm$std)
GBA: 1293.5$\pm$0
Map Update: 17.642$\pm$0
Total Full GBA: 1311.2$\pm$0

Num exec: 1
Num abort: 0
Number of KFs: 196$\pm$0
Number of MPs: 12256$\pm$0

Saving trajectory to f_dataset-V203_stereo_imu.txt ...
There are 1 maps in the atlas
  Map 0 has 211 KFs

End of saving trajectory to f_dataset-V203_stereo_imu.txt ...

Saving keyframe trajectory to kf_dataset-V203_stereo_imu.txt ...
