num_seq = 1
file name: dataset-V102_stereo_imu
Loading images for sequence 0...LOADED!
Loading IMU for sequence 0...LOADED!

-------

ORB-SLAM3 Copyright (C) 2017-2020 Carlos Campos, Richard Elvira, Juan J. Gómez, José M.M. Montiel and Juan D. Tardós, University of Zaragoza.
ORB-SLAM2 Copyright (C) 2014-2016 Raúl Mur-Artal, José M.M. Montiel and Juan D. Tardós, University of Zaragoza.
This program comes with ABSOLUTELY NO WARRANTY;
This is free software, and you are welcome to redistribute it
under certain conditions. See LICENSE.txt.

Built with REGISTER_TIMES
Git Commit Hash: 546eea8-dirty

Build Type: Release

Compiled with C++ version: 201703

Input sensor was set to: Stereo-Inertial
Loading settings from ./Examples/Stereo-Inertial/EuRoC_deadlines.yaml
Camera1.k3 optional parameter does not exist...
	-Loaded camera 1
Camera2.k3 optional parameter does not exist...
	-Loaded camera 2
Camera.newHeight optional parameter does not exist...
Camera.newWidth optional parameter does not exist...
	-Loaded image info
IMU.InsertKFsWhenLost optional parameter does not exist...
	-Loaded IMU calibration
	-Loaded ORB settings
	-Loaded viewer settings
System.LoadAtlasFromFile optional parameter does not exist...
System.SaveAtlasToFile optional parameter does not exist...
	-Loaded Atlas settings
System.thFarPoints optional parameter does not exist...
Deadlines enabled, will skip frames!
System.enableFOV optional parameter does not exist...
System.maskHeight optional parameter does not exist...
System.maskWidth optional parameter does not exist...
System.enableOasis optional parameter does not exist...
System.dumpMapPoints optional parameter does not exist...
	-Loaded misc parameters
	-Computed rectification maps
----------------------------------
SLAM settings: 
	-Camera 1 parameters (Pinhole): [ 458.65399169921875 457.29598999023438 367.21499633789062 248.375 ]
	-Camera 1 distortion parameters: [  -0.28340810537338257 0.073959067463874817 0.00019359000725671649 1.7618711353861727e-05 ]
	-Camera 2 parameters (Pinhole: [ 457.58700561523438 456.13400268554688 379.99899291992188 255.23800659179688 ]
	-Camera 1 distortion parameters: [  -0.2836836576461792 0.074512839317321777 -0.00010473000293131918 -3.555907096597366e-05 ]
	-Original image size: [ 752 , 480 ]
	-Current image size: [ 752 , 480 ]
	-Camera 1 parameters after rectification: [  456.71499633789062 456.71499633789062 364.52615356445312 257.268798828125 ]
	-Sequence FPS: 20
	-Stereo baseline: 0.11007784307003021
	-Stereo depth threshold : 60
	-Gyro noise: 0.00016999999934341758
	-Accelerometer noise: 0.0020000000949949026
	-Gyro walk: 1.9392999092815444e-05
	-Accelerometer walk: 0.0030000000260770321
	-IMU frequency: 200
	-Features per image: 1200
	-ORB scale factor: 1.2000000476837158
	-ORB number of scales: 8
	-Initial FAST threshold: 20
	-Min FAST threshold: 7


Loading ORB Vocabulary. This could take a while...
Vocabulary loaded!

Initialization of Atlas from scratch 
Creation of new map with id: 0
Creation of new map with last KF id: 0
Seq. Name: 
There are 1 cameras in the atlas
Camera 0 is pinhole
SLAM Started at System Time: 1752256891.50295
not IMU meas
not IMU meas
not enough acceleration
not enough acceleration
not enough acceleration
not enough acceleration
not enough acceleration
not enough acceleration
not enough acceleration
not enough acceleration
not enough acceleration
not enough acceleration
not enough acceleration
not enough acceleration
not enough acceleration
not enough acceleration
not enough acceleration
not enough acceleration
not enough acceleration
not enough acceleration
not enough acceleration
not enough acceleration
not enough acceleration
not enough acceleration
not enough acceleration
not enough acceleration
not enough acceleration
not enough acceleration
not enough acceleration
not enough acceleration
not enough acceleration
not enough acceleration
not enough acceleration
not enough acceleration
not enough acceleration
not enough acceleration
not enough acceleration
not enough acceleration
not enough acceleration
not enough acceleration
not enough acceleration
not enough acceleration
not enough acceleration
not enough acceleration
not enough acceleration
not enough acceleration
not enough acceleration
not enough acceleration
not enough acceleration
not enough acceleration
not enough acceleration
not enough acceleration
not enough acceleration
not enough acceleration
not enough acceleration
not enough acceleration
not enough acceleration
not enough acceleration
not enough acceleration
not enough acceleration
not enough acceleration
not enough acceleration
not enough acceleration
not enough acceleration
not enough acceleration
not enough acceleration
not enough acceleration
not enough acceleration
not enough acceleration
not enough acceleration
not enough acceleration
not enough acceleration
not enough acceleration
not enough acceleration
not enough acceleration
not enough acceleration
not enough acceleration
not enough acceleration
not enough acceleration
not enough acceleration
not enough acceleration
not enough acceleration
not enough acceleration
not enough acceleration
not enough acceleration
not enough acceleration
not enough acceleration
not enough acceleration
not enough acceleration
not enough acceleration
First KF:0; Map init KF:0
New Map created with 59 points
Active map: 0
Not enough motion for initializing. Reseting...
TRACK: Reset map because local mapper set the bad imu flag 
LM: Active map reset recieved
LM: Active map reset, waiting...
LM: Reseting current map in Local Mapping...
LM: End reseting Local Mapping...
LM: Reset free the mutex
LM: Active map reset, Done!!!
mnFirstFrameId = 90
mnInitialFrameId = 0
90 Frames set to lost
not IMU meas
not enough acceleration
not enough acceleration
not enough acceleration
First KF:28; Map init KF:0
New Map created with 664 points
Active map: 0
Fail to track local map!
IMU is not or recently initialized. Reseting active map...
LM: Active map reset recieved
LM: Active map reset, waiting...
LM: Reseting current map in Local Mapping...
LM: End reseting Local Mapping...
LM: Reset free the mutex
LM: Active map reset, Done!!!
mnFirstFrameId = 185
mnInitialFrameId = 180
139 Frames set to lost
not IMU meas
not enough acceleration
not enough acceleration
not enough acceleration
not enough acceleration
First KF:38; Map init KF:28
New Map created with 848 points
Active map: 0
Dropping frame 1403715535.9621429
start VIBA 1
end VIBA 1
start VIBA 2
end VIBA 2
*Loop detected
phi = -0.021840700834723076 0.0093909266755308213 -0.036668777423864443
BAD LOOP!!!
*Loop detected
phi =   -0.012493347417535754 -0.00044955602687545899   -0.020843668196353464
BAD LOOP!!!
*Loop detected
phi =  -0.017382994456366617  0.0089975846156724638 -0.0039698475247675145
BAD LOOP!!!
*Loop detected
phi =   -0.00259252734437644 -0.0014667300555220157  0.0024650432169657337
Local Mapping STOP
Local Mapping RELEASE
Local Mapping STOP
Local Mapping RELEASE
Shutdown
SLAM Finished at System Time: 1752256987.26492

 TIME STATS in ms (mean$\pm$std)
OpenCV version: 4.6.0
---------------------------
Tracking

ORB Extraction: 14.263$\pm$1.2842
Stereo Matching: 6.4457$\pm$2.0267
IMU Preintegration: 0.13145$\pm$0.048254
Pose Prediction: 0.34895$\pm$1.0622
LM Track: 10.616$\pm$2.6115
New KF decision: 0.21882$\pm$0.27565
Total Tracking: 34.752$\pm$4.8499



Local Mapping

KF Insertion: 8.4149$\pm$2.5332
MP Culling: 0.35362$\pm$0.1713
MP Creation: 23.237$\pm$9.2049
LBA: 113.05$\pm$39.395
KF Culling: 8.3816$\pm$6.8961
Total Local Mapping: 152.27$\pm$55.333
---------------------------

LBA complexity (mean$\pm$std)
LBA Edges: 2758.1$\pm$1172.8
LBA KF optimized: 6.1667$\pm$2.1148
LBA KF fixed: 1.25$\pm$0.82916
LBA MP: -nan$\pm$-nan

LBA executions: 342
LBA aborts: 0
---------------------------

Map complexity
KFs in map: 107
MPs in map: 9644
---------------------------

Place Recognition (mean$\pm$std)
Database Query: 1.2518$\pm$0.62392
SE3 estimation: 16.557$\pm$12.55
Total Place Recognition: 12.652$\pm$13.488


Loop Closing (mean$\pm$std)
Loop Fusion: 55.437$\pm$0
Essential Graph: 40.182$\pm$0
Total Loop Closing: 103.85$\pm$0

Num exec: 1
Number of KFs: -nan$\pm$-nan

Map Merging (mean$\pm$std)
Merge Maps: -nan$\pm$-nan
Welding BA: -nan$\pm$-nan
Optimization Ess.: -nan$\pm$-nan
Total Map Merging: -nan$\pm$-nan

Num exec: 0
Number of KFs: -nan$\pm$-nan
Number of MPs: -nan$\pm$-nan

Full GBA (mean$\pm$std)
GBA: 757.32$\pm$0
Map Update: 16.959$\pm$0
Total Full GBA: 774.28$\pm$0

Num exec: 1
Num abort: 0
Number of KFs: 93$\pm$0
Number of MPs: 10115$\pm$0

Saving trajectory to f_dataset-V102_stereo_imu.txt ...
There are 1 maps in the atlas
  Map 0 has 107 KFs

End of saving trajectory to f_dataset-V102_stereo_imu.txt ...

Saving keyframe trajectory to kf_dataset-V102_stereo_imu.txt ...
