[RUNNING] MaskCheckerboard | V203 | result_normal | Run 2
num_seq = 1
file name: dataset-V203_stereo_imu
Loading images for sequence 0...LOADED!
Loading IMU for sequence 0...LOADED!

-------

ORB-SLAM3 Copyright (C) 2017-2020 Carlos Campos, Richard Elvira, Juan J. Gómez, José M.M. Montiel and Juan D. Tardós, University of Zaragoza.
ORB-SLAM2 Copyright (C) 2014-2016 Raúl Mur-Artal, José M.M. Montiel and Juan D. Tardós, University of Zaragoza.
This program comes with ABSOLUTELY NO WARRANTY;
This is free software, and you are welcome to redistribute it
under certain conditions. See LICENSE.txt.

Built with REGISTER_TIMES
Git Commit Hash: a5a281a-dirty

Build Type: Release

Compiled with C++ version: 201703

Input sensor was set to: Stereo-Inertial
Loading settings from ./Examples/Stereo-Inertial/EuRoC.yaml
Camera1.k3 optional parameter does not exist...
	-Loaded camera 1
Camera2.k3 optional parameter does not exist...
	-Loaded camera 2
Camera.newHeight optional parameter does not exist...
Camera.newWidth optional parameter does not exist...
	-Loaded image info
IMU.InsertKFsWhenLost optional parameter does not exist...
	-Loaded IMU calibration
	-Loaded ORB settings
	-Loaded viewer settings
System.LoadAtlasFromFile optional parameter does not exist...
System.SaveAtlasToFile optional parameter does not exist...
	-Loaded Atlas settings
System.thFarPoints optional parameter does not exist...
System.enableDeadlines optional parameter does not exist...
System.enableFOV optional parameter does not exist...
System.maskHeight optional parameter does not exist...
System.maskWidth optional parameter does not exist...
System.enableOasis optional parameter does not exist...
System.dumpMapPoints optional parameter does not exist...
	-Loaded misc parameters
	-Computed rectification maps
----------------------------------
SLAM settings: 
	-Camera 1 parameters (Pinhole): [ 458.65399169921875 457.29598999023438 367.21499633789062 248.375 ]
	-Camera 1 distortion parameters: [  -0.28340810537338257 0.073959067463874817 0.00019359000725671649 1.7618711353861727e-05 ]
	-Camera 2 parameters (Pinhole: [ 457.58700561523438 456.13400268554688 379.99899291992188 255.23800659179688 ]
	-Camera 1 distortion parameters: [  -0.2836836576461792 0.074512839317321777 -0.00010473000293131918 -3.555907096597366e-05 ]
	-Original image size: [ 752 , 480 ]
	-Current image size: [ 752 , 480 ]
	-Camera 1 parameters after rectification: [  456.71499633789062 456.71499633789062 364.52615356445312 257.268798828125 ]
	-Sequence FPS: 20
	-Stereo baseline: 0.11007784307003021
	-Stereo depth threshold : 60
	-Gyro noise: 0.00016999999934341758
	-Accelerometer noise: 0.0020000000949949026
	-Gyro walk: 1.9392999092815444e-05
	-Accelerometer walk: 0.0030000000260770321
	-IMU frequency: 200
	-Features per image: 1200
	-ORB scale factor: 1.2000000476837158
	-ORB number of scales: 8
	-Initial FAST threshold: 20
	-Min FAST threshold: 7


Loading ORB Vocabulary. This could take a while...
Vocabulary loaded!

Initialization of Atlas from scratch 
Creation of new map with id: 0
Creation of new map with last KF id: 0
Seq. Name: 
There are 1 cameras in the atlas
Camera 0 is pinhole
SLAM Started at System Time: 1753013969.39654
not IMU meas
not IMU meas
not enough acceleration
not enough acceleration
not enough acceleration
not enough acceleration
not enough acceleration
not enough acceleration
not enough acceleration
not enough acceleration
not enough acceleration
not enough acceleration
not enough acceleration
not enough acceleration
not enough acceleration
not enough acceleration
not enough acceleration
not enough acceleration
not enough acceleration
not enough acceleration
not enough acceleration
not enough acceleration
not enough acceleration
not enough acceleration
not enough acceleration
not enough acceleration
not enough acceleration
not enough acceleration
not enough acceleration
not enough acceleration
not enough acceleration
not enough acceleration
not enough acceleration
not enough acceleration
not enough acceleration
not enough acceleration
not enough acceleration
not enough acceleration
not enough acceleration
not enough acceleration
not enough acceleration
not enough acceleration
not enough acceleration
not enough acceleration
not enough acceleration
not enough acceleration
not enough acceleration
not enough acceleration
not enough acceleration
not enough acceleration
not enough acceleration
not enough acceleration
not enough acceleration
not enough acceleration
not enough acceleration
not enough acceleration
not enough acceleration
not enough acceleration
not enough acceleration
not enough acceleration
not enough acceleration
not enough acceleration
not enough acceleration
not enough acceleration
not enough acceleration
not enough acceleration
not enough acceleration
not enough acceleration
not enough acceleration
not enough acceleration
not enough acceleration
not enough acceleration
not enough acceleration
not enough acceleration
not enough acceleration
not enough acceleration
not enough acceleration
not enough acceleration
not enough acceleration
not enough acceleration
not enough acceleration
not enough acceleration
not enough acceleration
not enough acceleration
not enough acceleration
not enough acceleration
not enough acceleration
not enough acceleration
not enough acceleration
not enough acceleration
not enough acceleration
not enough acceleration
not enough acceleration
not enough acceleration
not enough acceleration
not enough acceleration
not enough acceleration
not enough acceleration
not enough acceleration
not enough acceleration
not enough acceleration
not enough acceleration
not enough acceleration
not enough acceleration
not enough acceleration
not enough acceleration
not enough acceleration
not enough acceleration
not enough acceleration
First KF:0; Map init KF:0
New Map created with 423 points
Active map: 0
start VIBA 1
end VIBA 1
start VIBA 2
end VIBA 2
*Loop detected
phi = -0.019376672320218061   0.01998573032067227  0.029140339199085548
BAD LOOP!!!
*Loop detected
phi = -0.0039339115498964608   0.010259790279380997  -0.004881965254096992
BAD LOOP!!!
*Loop detected
phi =  0.020112148028234186 0.0028857594016091087  -0.08042347264861216
BAD LOOP!!!
*Loop detected
phi = -0.0024238597812128791   0.019682197077969678  -0.021320307479332591
BAD LOOP!!!
*Loop detected
phi = -0.0042009964653663421   0.099395594904929024   -0.16364056357007772
BAD LOOP!!!
*Loop detected
phi = -0.0028675091875427568   0.039154348618975099  -0.015356276182542875
BAD LOOP!!!
*Loop detected
phi = -0.006344856364919012   0.07329417146759705  -0.14171377385075096
BAD LOOP!!!
*Loop detected
phi = -0.0081237990506612037    0.10311795355246996   -0.15861427860783114
BAD LOOP!!!
*Loop detected
phi = -0.015608425711987705    0.1705308813545299 -0.018585112611997173
BAD LOOP!!!
*Loop detected
phi = -0.011803689148022198 0.0092171460077656361 0.0099834358899363543
BAD LOOP!!!
*Loop detected
phi = -0.0097049739612531122  0.0015594912050017095   0.013361986593638164
BAD LOOP!!!
*Loop detected
phi = -0.065948223464105671 -0.014359798741473962 -0.021731384711387171
BAD LOOP!!!
*Loop detected
phi = -0.0082352874273903184    0.01918499047401882   0.055687563770191122
BAD LOOP!!!
*Loop detected
phi = 0.042436637134950904 0.011000585019666052 -0.05756807768260324
BAD LOOP!!!
*Loop detected
phi =  0.024252221674606729 -0.008118168285069477  -0.05930759855925434
BAD LOOP!!!
*Loop detected
phi =  0.028994458541696515 -0.021558915911051107 -0.045712524032717597
BAD LOOP!!!
*Loop detected
phi = 0.0058117538896561771 0.0011578964967514616 -0.011093401705724964
Local Mapping STOP
Local Mapping RELEASE
Shutdown
SLAM Finished at System Time: 1753014101.41573

 TIME STATS in ms (mean$\pm$std)
OpenCV version: 4.8.1
---------------------------
Tracking

ORB Extraction: 17.818$\pm$2.5164
Stereo Matching: 7.7733$\pm$2.333
IMU Preintegration: 0.18755$\pm$0.065378
Pose Prediction: 0.27122$\pm$0.98025
LM Track: 14.777$\pm$3.6814
New KF decision: 0.39016$\pm$0.38047
Total Tracking: 44.906$\pm$6.4471



Local Mapping

KF Insertion: 11.02$\pm$3.5379
MP Culling: 0.58029$\pm$0.20838
MP Creation: 37.256$\pm$13.278
LBA: 98.787$\pm$37.619
KF Culling: 8.3038$\pm$6.0971
Total Local Mapping: 156.41$\pm$49.684
---------------------------

LBA complexity (mean$\pm$std)
LBA Edges: 2856$\pm$871.11
LBA KF optimized: 6.5$\pm$2.2913
LBA KF fixed: 1$\pm$0
LBA MP: nan$\pm$nan

LBA executions: 554
LBA aborts: 0
---------------------------

Map complexity
KFs in map: 214
MPs in map: 9981
---------------------------

Place Recognition (mean$\pm$std)
Database Query: 1.9684$\pm$1.1065
SE3 estimation: 15.658$\pm$12.504
Total Place Recognition: 15.407$\pm$13.603


Loop Closing (mean$\pm$std)
Loop Fusion: 109.97$\pm$0
Essential Graph: 96.084$\pm$0
Total Loop Closing: 210.68$\pm$0

Num exec: 1
Number of KFs: nan$\pm$nan

Map Merging (mean$\pm$std)
Merge Maps: nan$\pm$nan
Welding BA: nan$\pm$nan
Optimization Ess.: nan$\pm$nan
Total Map Merging: nan$\pm$nan

Num exec: 0
Number of KFs: nan$\pm$nan
Number of MPs: nan$\pm$nan

Full GBA (mean$\pm$std)
GBA: nan$\pm$nan
Map Update: nan$\pm$nan
Total Full GBA: nan$\pm$nan

Num exec: 0
Num abort: 0
Number of KFs: nan$\pm$nan
Number of MPs: nan$\pm$nan

Saving trajectory to f_dataset-V203_stereo_imu.txt ...
There are 1 maps in the atlas
  Map 0 has 214 KFs

End of saving trajectory to f_dataset-V203_stereo_imu.txt ...

Saving keyframe trajectory to kf_dataset-V203_stereo_imu.txt ...
