[RUNNING] MaskRandom | V203 | result_normal | Run 4
num_seq = 1
file name: dataset-V203_stereo_imu
Loading images for sequence 0...LOADED!
Loading IMU for sequence 0...LOADED!

-------

ORB-SLAM3 Copyright (C) 2017-2020 Carlos Campos, Richard Elvira, Juan J. Gómez, José M.M. Montiel and Juan D. Tardós, University of Zaragoza.
ORB-SLAM2 Copyright (C) 2014-2016 Raúl Mur-Artal, José M.M. Montiel and Juan D. Tardós, University of Zaragoza.
This program comes with ABSOLUTELY NO WARRANTY;
This is free software, and you are welcome to redistribute it
under certain conditions. See LICENSE.txt.

Built with REGISTER_TIMES
Git Commit Hash: a5a281a-dirty

Build Type: Release

Compiled with C++ version: 201703

Input sensor was set to: Stereo-Inertial
Loading settings from ./Examples/Stereo-Inertial/EuRoC.yaml
Camera1.k3 optional parameter does not exist...
	-Loaded camera 1
Camera2.k3 optional parameter does not exist...
	-Loaded camera 2
Camera.newHeight optional parameter does not exist...
Camera.newWidth optional parameter does not exist...
	-Loaded image info
IMU.InsertKFsWhenLost optional parameter does not exist...
	-Loaded IMU calibration
	-Loaded ORB settings
	-Loaded viewer settings
System.LoadAtlasFromFile optional parameter does not exist...
System.SaveAtlasToFile optional parameter does not exist...
	-Loaded Atlas settings
System.thFarPoints optional parameter does not exist...
System.enableDeadlines optional parameter does not exist...
System.enableFOV optional parameter does not exist...
System.maskHeight optional parameter does not exist...
System.maskWidth optional parameter does not exist...
System.enableOasis optional parameter does not exist...
System.dumpMapPoints optional parameter does not exist...
	-Loaded misc parameters
	-Computed rectification maps
----------------------------------
SLAM settings: 
	-Camera 1 parameters (Pinhole): [ 458.65399169921875 457.29598999023438 367.21499633789062 248.375 ]
	-Camera 1 distortion parameters: [  -0.28340810537338257 0.073959067463874817 0.00019359000725671649 1.7618711353861727e-05 ]
	-Camera 2 parameters (Pinhole: [ 457.58700561523438 456.13400268554688 379.99899291992188 255.23800659179688 ]
	-Camera 1 distortion parameters: [  -0.2836836576461792 0.074512839317321777 -0.00010473000293131918 -3.555907096597366e-05 ]
	-Original image size: [ 752 , 480 ]
	-Current image size: [ 752 , 480 ]
	-Camera 1 parameters after rectification: [  456.71499633789062 456.71499633789062 364.52615356445312 257.268798828125 ]
	-Sequence FPS: 20
	-Stereo baseline: 0.11007784307003021
	-Stereo depth threshold : 60
	-Gyro noise: 0.00016999999934341758
	-Accelerometer noise: 0.0020000000949949026
	-Gyro walk: 1.9392999092815444e-05
	-Accelerometer walk: 0.0030000000260770321
	-IMU frequency: 200
	-Features per image: 1200
	-ORB scale factor: 1.2000000476837158
	-ORB number of scales: 8
	-Initial FAST threshold: 20
	-Min FAST threshold: 7


Loading ORB Vocabulary. This could take a while...
Vocabulary loaded!

Initialization of Atlas from scratch 
Creation of new map with id: 0
Creation of new map with last KF id: 0
Seq. Name: 
There are 1 cameras in the atlas
Camera 0 is pinhole
SLAM Started at System Time: 1752963340.19382
not IMU meas
not IMU meas
not enough acceleration
not enough acceleration
not enough acceleration
not enough acceleration
not enough acceleration
not enough acceleration
not enough acceleration
not enough acceleration
not enough acceleration
not enough acceleration
not enough acceleration
not enough acceleration
not enough acceleration
not enough acceleration
not enough acceleration
not enough acceleration
not enough acceleration
not enough acceleration
not enough acceleration
not enough acceleration
not enough acceleration
not enough acceleration
not enough acceleration
not enough acceleration
not enough acceleration
not enough acceleration
not enough acceleration
not enough acceleration
not enough acceleration
not enough acceleration
not enough acceleration
not enough acceleration
not enough acceleration
not enough acceleration
not enough acceleration
not enough acceleration
not enough acceleration
not enough acceleration
not enough acceleration
not enough acceleration
not enough acceleration
not enough acceleration
not enough acceleration
not enough acceleration
not enough acceleration
not enough acceleration
not enough acceleration
not enough acceleration
not enough acceleration
not enough acceleration
not enough acceleration
not enough acceleration
not enough acceleration
not enough acceleration
not enough acceleration
not enough acceleration
not enough acceleration
not enough acceleration
not enough acceleration
not enough acceleration
not enough acceleration
not enough acceleration
not enough acceleration
not enough acceleration
not enough acceleration
not enough acceleration
not enough acceleration
not enough acceleration
not enough acceleration
not enough acceleration
not enough acceleration
not enough acceleration
not enough acceleration
not enough acceleration
not enough acceleration
not enough acceleration
not enough acceleration
not enough acceleration
not enough acceleration
not enough acceleration
not enough acceleration
not enough acceleration
not enough acceleration
not enough acceleration
not enough acceleration
not enough acceleration
not enough acceleration
not enough acceleration
not enough acceleration
not enough acceleration
not enough acceleration
not enough acceleration
not enough acceleration
not enough acceleration
not enough acceleration
not enough acceleration
not enough acceleration
not enough acceleration
not enough acceleration
not enough acceleration
not enough acceleration
not enough acceleration
not enough acceleration
not enough acceleration
not enough acceleration
not enough acceleration
not enough acceleration
First KF:0; Map init KF:0
New Map created with 423 points
Active map: 0
start VIBA 1
end VIBA 1
start VIBA 2
end VIBA 2
*Loop detected
phi = -0.011183015613448562  0.015437229650323847   0.01110948777267752
BAD LOOP!!!
*Loop detected
phi = -0.018980916539329436  0.067711626103490269 -0.010098260303781137
BAD LOOP!!!
*Loop detected
phi = -0.031221277141678123  0.062774894308148949  0.015376432933818407
BAD LOOP!!!
*Loop detected
phi =  0.014563778666696992 -0.031047749113657451   0.03819495152456865
BAD LOOP!!!
*Loop detected
phi = -0.016148371852427585  0.052518494760387793 0.0081976873392941851
BAD LOOP!!!
*Loop detected
phi =  -0.016302881657961635    0.04802268813649619 -0.0021822223130899716
BAD LOOP!!!
*Loop detected
phi = -0.019252648860189112 -0.001783811671879877  0.003429813584406883
BAD LOOP!!!
*Loop detected
phi =  0.037475646418172658 0.0069253933291891978 -0.073843970887716881
BAD LOOP!!!
*Loop detected
phi =   0.02314039825504316  0.009101183645232911 -0.071015494622910888
BAD LOOP!!!
*Loop detected
phi =  0.010629274540492556  0.011941498251848469 -0.039610477948607108
BAD LOOP!!!
*Loop detected
phi = 0.0073271712630202691 -0.023060266888432036 -0.058052980637235053
BAD LOOP!!!
*Loop detected
phi =   0.011045142926218148 0.00058802868816642281  -0.036124376048570959
BAD LOOP!!!
*Loop detected
phi = 0.00084536712399564597   0.036186736574356212   0.036522278060373004
BAD LOOP!!!
*Loop detected
phi =   0.0025733966398076547   0.0032463739866154446 -0.00029709837733780774
Local Mapping STOP
Local Mapping RELEASE
Local Mapping STOP
Local Mapping RELEASE
Fail to track local map!
Shutdown
SLAM Finished at System Time: 1752963471.79631

 TIME STATS in ms (mean$\pm$std)
OpenCV version: 4.8.1
---------------------------
Tracking

ORB Extraction: 17.772$\pm$2.1149
Stereo Matching: 7.6417$\pm$2.3695
IMU Preintegration: 0.18123$\pm$0.060828
Pose Prediction: 0.26944$\pm$0.99133
LM Track: 14.36$\pm$3.4721
New KF decision: 0.38151$\pm$0.37562
Total Tracking: 44.325$\pm$6.0417



Local Mapping

KF Insertion: 10.918$\pm$3.4135
MP Culling: 0.58027$\pm$0.21475
MP Creation: 36.821$\pm$12.792
LBA: 97.627$\pm$37.033
KF Culling: 8.0302$\pm$6.6391
Total Local Mapping: 154.13$\pm$48.882
---------------------------

LBA complexity (mean$\pm$std)
LBA Edges: 2860.8$\pm$855.41
LBA KF optimized: 6.5$\pm$2.2913
LBA KF fixed: 1$\pm$0
LBA MP: nan$\pm$nan

LBA executions: 553
LBA aborts: 0
---------------------------

Map complexity
KFs in map: 211
MPs in map: 9593
---------------------------

Place Recognition (mean$\pm$std)
Database Query: 1.8665$\pm$0.92798
SE3 estimation: 16.412$\pm$14.478
Total Place Recognition: 15.797$\pm$15.159


Loop Closing (mean$\pm$std)
Loop Fusion: 178.66$\pm$0
Essential Graph: 98.998$\pm$0
Total Loop Closing: 304.36$\pm$0

Num exec: 1
Number of KFs: nan$\pm$nan

Map Merging (mean$\pm$std)
Merge Maps: nan$\pm$nan
Welding BA: nan$\pm$nan
Optimization Ess.: nan$\pm$nan
Total Map Merging: nan$\pm$nan

Num exec: 0
Number of KFs: nan$\pm$nan
Number of MPs: nan$\pm$nan

Full GBA (mean$\pm$std)
GBA: 1486.6$\pm$0
Map Update: 29.972$\pm$0
Total Full GBA: 1516.6$\pm$0

Num exec: 1
Num abort: 0
Number of KFs: 197$\pm$0
Number of MPs: 11430$\pm$0

Saving trajectory to f_dataset-V203_stereo_imu.txt ...
There are 1 maps in the atlas
  Map 0 has 211 KFs

End of saving trajectory to f_dataset-V203_stereo_imu.txt ...

Saving keyframe trajectory to kf_dataset-V203_stereo_imu.txt ...
