[RUNNING] MaskHorizontalStripes | V202 | result_normal | Run 10
num_seq = 1
file name: dataset-V202_stereo_imu
Loading images for sequence 0...LOADED!
Loading IMU for sequence 0...LOADED!

-------

ORB-SLAM3 Copyright (C) 2017-2020 Carlos Campos, Richard Elvira, Juan J. Gómez, José M.M. Montiel and Juan D. Tardós, University of Zaragoza.
ORB-SLAM2 Copyright (C) 2014-2016 Raúl Mur-Artal, José M.M. Montiel and Juan D. Tardós, University of Zaragoza.
This program comes with ABSOLUTELY NO WARRANTY;
This is free software, and you are welcome to redistribute it
under certain conditions. See LICENSE.txt.

Built with REGISTER_TIMES
Git Commit Hash: a5a281a-dirty

Build Type: Release

Compiled with C++ version: 201703

Input sensor was set to: Stereo-Inertial
Loading settings from ./Examples/Stereo-Inertial/EuRoC.yaml
Camera1.k3 optional parameter does not exist...
	-Loaded camera 1
Camera2.k3 optional parameter does not exist...
	-Loaded camera 2
Camera.newHeight optional parameter does not exist...
Camera.newWidth optional parameter does not exist...
	-Loaded image info
IMU.InsertKFsWhenLost optional parameter does not exist...
	-Loaded IMU calibration
	-Loaded ORB settings
	-Loaded viewer settings
System.LoadAtlasFromFile optional parameter does not exist...
System.SaveAtlasToFile optional parameter does not exist...
	-Loaded Atlas settings
System.thFarPoints optional parameter does not exist...
System.enableDeadlines optional parameter does not exist...
System.enableFOV optional parameter does not exist...
System.maskHeight optional parameter does not exist...
System.maskWidth optional parameter does not exist...
System.enableOasis optional parameter does not exist...
System.dumpMapPoints optional parameter does not exist...
	-Loaded misc parameters
	-Computed rectification maps
----------------------------------
SLAM settings: 
	-Camera 1 parameters (Pinhole): [ 458.65399169921875 457.29598999023438 367.21499633789062 248.375 ]
	-Camera 1 distortion parameters: [  -0.28340810537338257 0.073959067463874817 0.00019359000725671649 1.7618711353861727e-05 ]
	-Camera 2 parameters (Pinhole: [ 457.58700561523438 456.13400268554688 379.99899291992188 255.23800659179688 ]
	-Camera 1 distortion parameters: [  -0.2836836576461792 0.074512839317321777 -0.00010473000293131918 -3.555907096597366e-05 ]
	-Original image size: [ 752 , 480 ]
	-Current image size: [ 752 , 480 ]
	-Camera 1 parameters after rectification: [  456.71499633789062 456.71499633789062 364.52615356445312 257.268798828125 ]
	-Sequence FPS: 20
	-Stereo baseline: 0.11007784307003021
	-Stereo depth threshold : 60
	-Gyro noise: 0.00016999999934341758
	-Accelerometer noise: 0.0020000000949949026
	-Gyro walk: 1.9392999092815444e-05
	-Accelerometer walk: 0.0030000000260770321
	-IMU frequency: 200
	-Features per image: 1200
	-ORB scale factor: 1.2000000476837158
	-ORB number of scales: 8
	-Initial FAST threshold: 20
	-Min FAST threshold: 7


Loading ORB Vocabulary. This could take a while...
Vocabulary loaded!

Initialization of Atlas from scratch 
Creation of new map with id: 0
Creation of new map with last KF id: 0
Seq. Name: 
There are 1 cameras in the atlas
Camera 0 is pinhole
SLAM Started at System Time: 1752996724.61664
not IMU meas
not IMU meas
not enough acceleration
not enough acceleration
not enough acceleration
not enough acceleration
not enough acceleration
not enough acceleration
not enough acceleration
not enough acceleration
not enough acceleration
not enough acceleration
not enough acceleration
not enough acceleration
not enough acceleration
not enough acceleration
not enough acceleration
not enough acceleration
not enough acceleration
not enough acceleration
not enough acceleration
not enough acceleration
not enough acceleration
not enough acceleration
not enough acceleration
not enough acceleration
not enough acceleration
not enough acceleration
not enough acceleration
not enough acceleration
not enough acceleration
not enough acceleration
not enough acceleration
not enough acceleration
not enough acceleration
not enough acceleration
not enough acceleration
not enough acceleration
not enough acceleration
not enough acceleration
not enough acceleration
not enough acceleration
not enough acceleration
not enough acceleration
not enough acceleration
not enough acceleration
not enough acceleration
not enough acceleration
not enough acceleration
not enough acceleration
not enough acceleration
not enough acceleration
not enough acceleration
not enough acceleration
not enough acceleration
not enough acceleration
not enough acceleration
not enough acceleration
not enough acceleration
not enough acceleration
not enough acceleration
not enough acceleration
not enough acceleration
not enough acceleration
not enough acceleration
not enough acceleration
not enough acceleration
not enough acceleration
not enough acceleration
not enough acceleration
not enough acceleration
not enough acceleration
First KF:0; Map init KF:0
New Map created with 464 points
Active map: 0
start VIBA 1
end VIBA 1
start VIBA 2
end VIBA 2
*Loop detected
phi = -0.010857480587561355 0.0077529981832991516 0.0029713893116107728
BAD LOOP!!!
*Loop detected
phi = -0.041803095726776554  0.017872559381183394  0.015058552541798078
BAD LOOP!!!
*Loop detected
phi = -0.0069601723106013187  -0.019356015197632061  0.0023182878447058565
BAD LOOP!!!
*Loop detected
phi =  -0.010881161926335587 -0.0012265584569147983   0.011234440425083684
BAD LOOP!!!
*Loop detected
phi = -0.0093181463214092996   0.035733433772851764   0.035195600133736536
BAD LOOP!!!
*Loop detected
phi = 0.0069537761183063656 -0.003258729187924414  0.029784680687248353
Local Mapping STOP
Local Mapping RELEASE
Local Mapping STOP
Local Mapping RELEASE
Shutdown
SLAM Finished at System Time: 1752996858.55754

 TIME STATS in ms (mean$\pm$std)
OpenCV version: 4.8.1
---------------------------
Tracking

ORB Extraction: 18.947$\pm$2.1649
Stereo Matching: 7.2669$\pm$1.8909
IMU Preintegration: 0.20897$\pm$0.073627
Pose Prediction: 0.29896$\pm$1.1944
LM Track: 17.357$\pm$3.3803
New KF decision: 0.32967$\pm$0.35891
Total Tracking: 48.685$\pm$5.2216



Local Mapping

KF Insertion: 12.673$\pm$3.7885
MP Culling: 0.72128$\pm$0.22877
MP Creation: 40.726$\pm$14.435
LBA: 157.74$\pm$38.987
KF Culling: 18.743$\pm$13.249
Total Local Mapping: 231.01$\pm$62.327
---------------------------

LBA complexity (mean$\pm$std)
LBA Edges: 3852$\pm$1120.7
LBA KF optimized: 6.5$\pm$2.2913
LBA KF fixed: 1$\pm$0
LBA MP: nan$\pm$nan

LBA executions: 405
LBA aborts: 1
---------------------------

Map complexity
KFs in map: 126
MPs in map: 9465
---------------------------

Place Recognition (mean$\pm$std)
Database Query: 1.6381$\pm$0.85532
SE3 estimation: 15.404$\pm$14.213
Total Place Recognition: 14.211$\pm$14.81


Loop Closing (mean$\pm$std)
Loop Fusion: 96.076$\pm$0
Essential Graph: 67.305$\pm$0
Total Loop Closing: 166.91$\pm$0

Num exec: 1
Number of KFs: nan$\pm$nan

Map Merging (mean$\pm$std)
Merge Maps: nan$\pm$nan
Welding BA: nan$\pm$nan
Optimization Ess.: nan$\pm$nan
Total Map Merging: nan$\pm$nan

Num exec: 0
Number of KFs: nan$\pm$nan
Number of MPs: nan$\pm$nan

Full GBA (mean$\pm$std)
GBA: 762.69$\pm$0
Map Update: 32.564$\pm$0
Total Full GBA: 795.26$\pm$0

Num exec: 1
Num abort: 0
Number of KFs: 107$\pm$0
Number of MPs: 10061$\pm$0

Saving trajectory to f_dataset-V202_stereo_imu.txt ...
There are 1 maps in the atlas
  Map 0 has 126 KFs

End of saving trajectory to f_dataset-V202_stereo_imu.txt ...

Saving keyframe trajectory to kf_dataset-V202_stereo_imu.txt ...
