[RUNNING] MaskRandom | V203 | result_normal | Run 9
num_seq = 1
file name: dataset-V203_stereo_imu
Loading images for sequence 0...LOADED!
Loading IMU for sequence 0...LOADED!

-------

ORB-SLAM3 Copyright (C) 2017-2020 Carlos Campos, Richard Elvira, Juan J. Gómez, José M.M. Montiel and Juan D. Tardós, University of Zaragoza.
ORB-SLAM2 Copyright (C) 2014-2016 Raúl Mur-Artal, José M.M. Montiel and Juan D. Tardós, University of Zaragoza.
This program comes with ABSOLUTELY NO WARRANTY;
This is free software, and you are welcome to redistribute it
under certain conditions. See LICENSE.txt.

Built with REGISTER_TIMES
Git Commit Hash: a5a281a-dirty

Build Type: Release

Compiled with C++ version: 201703

Input sensor was set to: Stereo-Inertial
Loading settings from ./Examples/Stereo-Inertial/EuRoC.yaml
Camera1.k3 optional parameter does not exist...
	-Loaded camera 1
Camera2.k3 optional parameter does not exist...
	-Loaded camera 2
Camera.newHeight optional parameter does not exist...
Camera.newWidth optional parameter does not exist...
	-Loaded image info
IMU.InsertKFsWhenLost optional parameter does not exist...
	-Loaded IMU calibration
	-Loaded ORB settings
	-Loaded viewer settings
System.LoadAtlasFromFile optional parameter does not exist...
System.SaveAtlasToFile optional parameter does not exist...
	-Loaded Atlas settings
System.thFarPoints optional parameter does not exist...
System.enableDeadlines optional parameter does not exist...
System.enableFOV optional parameter does not exist...
System.maskHeight optional parameter does not exist...
System.maskWidth optional parameter does not exist...
System.enableOasis optional parameter does not exist...
System.dumpMapPoints optional parameter does not exist...
	-Loaded misc parameters
	-Computed rectification maps
----------------------------------
SLAM settings: 
	-Camera 1 parameters (Pinhole): [ 458.65399169921875 457.29598999023438 367.21499633789062 248.375 ]
	-Camera 1 distortion parameters: [  -0.28340810537338257 0.073959067463874817 0.00019359000725671649 1.7618711353861727e-05 ]
	-Camera 2 parameters (Pinhole: [ 457.58700561523438 456.13400268554688 379.99899291992188 255.23800659179688 ]
	-Camera 1 distortion parameters: [  -0.2836836576461792 0.074512839317321777 -0.00010473000293131918 -3.555907096597366e-05 ]
	-Original image size: [ 752 , 480 ]
	-Current image size: [ 752 , 480 ]
	-Camera 1 parameters after rectification: [  456.71499633789062 456.71499633789062 364.52615356445312 257.268798828125 ]
	-Sequence FPS: 20
	-Stereo baseline: 0.11007784307003021
	-Stereo depth threshold : 60
	-Gyro noise: 0.00016999999934341758
	-Accelerometer noise: 0.0020000000949949026
	-Gyro walk: 1.9392999092815444e-05
	-Accelerometer walk: 0.0030000000260770321
	-IMU frequency: 200
	-Features per image: 1200
	-ORB scale factor: 1.2000000476837158
	-ORB number of scales: 8
	-Initial FAST threshold: 20
	-Min FAST threshold: 7


Loading ORB Vocabulary. This could take a while...
Vocabulary loaded!

Initialization of Atlas from scratch 
Creation of new map with id: 0
Creation of new map with last KF id: 0
Seq. Name: 
There are 1 cameras in the atlas
Camera 0 is pinhole
SLAM Started at System Time: 1752964038.97725
not IMU meas
not IMU meas
not enough acceleration
not enough acceleration
not enough acceleration
not enough acceleration
not enough acceleration
not enough acceleration
not enough acceleration
not enough acceleration
not enough acceleration
not enough acceleration
not enough acceleration
not enough acceleration
not enough acceleration
not enough acceleration
not enough acceleration
not enough acceleration
not enough acceleration
not enough acceleration
not enough acceleration
not enough acceleration
not enough acceleration
not enough acceleration
not enough acceleration
not enough acceleration
not enough acceleration
not enough acceleration
not enough acceleration
not enough acceleration
not enough acceleration
not enough acceleration
not enough acceleration
not enough acceleration
not enough acceleration
not enough acceleration
not enough acceleration
not enough acceleration
not enough acceleration
not enough acceleration
not enough acceleration
not enough acceleration
not enough acceleration
not enough acceleration
not enough acceleration
not enough acceleration
not enough acceleration
not enough acceleration
not enough acceleration
not enough acceleration
not enough acceleration
not enough acceleration
not enough acceleration
not enough acceleration
not enough acceleration
not enough acceleration
not enough acceleration
not enough acceleration
not enough acceleration
not enough acceleration
not enough acceleration
not enough acceleration
not enough acceleration
not enough acceleration
not enough acceleration
not enough acceleration
not enough acceleration
not enough acceleration
not enough acceleration
not enough acceleration
not enough acceleration
not enough acceleration
not enough acceleration
not enough acceleration
not enough acceleration
not enough acceleration
not enough acceleration
not enough acceleration
not enough acceleration
not enough acceleration
not enough acceleration
not enough acceleration
not enough acceleration
not enough acceleration
not enough acceleration
not enough acceleration
not enough acceleration
not enough acceleration
not enough acceleration
not enough acceleration
not enough acceleration
not enough acceleration
not enough acceleration
not enough acceleration
not enough acceleration
not enough acceleration
not enough acceleration
not enough acceleration
not enough acceleration
not enough acceleration
not enough acceleration
not enough acceleration
not enough acceleration
not enough acceleration
not enough acceleration
not enough acceleration
not enough acceleration
not enough acceleration
not enough acceleration
First KF:0; Map init KF:0
New Map created with 423 points
Active map: 0
start VIBA 1
end VIBA 1
start VIBA 2
end VIBA 2
*Loop detected
phi = -0.0063121053264698201   0.051648106796549395   0.014275055806618194
BAD LOOP!!!
*Loop detected
phi = -0.00018314473263897354    0.078220710357960632   0.0015095545977545494
BAD LOOP!!!
*Loop detected
phi = -0.0049468195781678806   0.063778612589211428  -0.026641796720364513
BAD LOOP!!!
*Loop detected
phi = 0.0022523983008134038  0.098890236493063735  -0.12821860534539381
BAD LOOP!!!
*Loop detected
phi = 0.0064353519331016061  0.090165693134953082 -0.037520211815967208
BAD LOOP!!!
*Loop detected
phi = 0.00071228700355388064   0.048220664467358711  -0.028578377555462355
BAD LOOP!!!
*Loop detected
phi = -0.00058115969518995523     0.24437400253766903   -0.086465660916335715
BAD LOOP!!!
*Loop detected
phi =  -0.015186107987436599 0.00014592400268031091   0.019501681507936321
BAD LOOP!!!
*Loop detected
phi = -0.030157520759473495 -0.028168096168679671  0.020831531379570792
BAD LOOP!!!
*Loop detected
phi = -0.0093054261654493819   -0.02512750542040269  -0.095704560075330042
BAD LOOP!!!
*Loop detected
phi =  0.035343545106653863 -0.013689111064898257 -0.069879875924409265
BAD LOOP!!!
*Loop detected
phi =  0.035709763199292768 0.0069902300448589118 -0.035799132840067575
BAD LOOP!!!
*Loop detected
phi = -0.0067177963575953941 -0.0098844853464733051  -0.025379521903703229
BAD LOOP!!!
*Loop detected
phi =  0.020041169406487602 -0.010872515786079047 -0.059342009213182376
BAD LOOP!!!
*Loop detected
phi = 3.533653575692159e-05  0.012142729988413958 0.0028763926031212528
BAD LOOP!!!
*Loop detected
phi = -0.0029119335987977785 0.00036968085347855015   0.020732977193190238
Local Mapping STOP
Local Mapping RELEASE
Local Mapping STOP
Local Mapping RELEASE
Fail to track local map!
Fail to track local map!
Shutdown
SLAM Finished at System Time: 1752964170.75522

 TIME STATS in ms (mean$\pm$std)
OpenCV version: 4.8.1
---------------------------
Tracking

ORB Extraction: 17.824$\pm$2.2125
Stereo Matching: 7.7479$\pm$2.4429
IMU Preintegration: 0.18065$\pm$0.062626
Pose Prediction: 0.27081$\pm$0.9882
LM Track: 14.548$\pm$3.5342
New KF decision: 0.38822$\pm$0.38145
Total Tracking: 44.697$\pm$6.2284



Local Mapping

KF Insertion: 10.849$\pm$3.4783
MP Culling: 0.57381$\pm$0.22326
MP Creation: 36.5$\pm$12.924
LBA: 98.442$\pm$37.53
KF Culling: 8.242$\pm$5.9776
Total Local Mapping: 154.81$\pm$48.391
---------------------------

LBA complexity (mean$\pm$std)
LBA Edges: 2883$\pm$880.89
LBA KF optimized: 6.5$\pm$2.2913
LBA KF fixed: 1$\pm$0
LBA MP: nan$\pm$nan

LBA executions: 561
LBA aborts: 1
---------------------------

Map complexity
KFs in map: 218
MPs in map: 10415
---------------------------

Place Recognition (mean$\pm$std)
Database Query: 1.8715$\pm$1.022
SE3 estimation: 15.469$\pm$12.324
Total Place Recognition: 14.986$\pm$13.359


Loop Closing (mean$\pm$std)
Loop Fusion: 140.03$\pm$0
Essential Graph: 91.508$\pm$0
Total Loop Closing: 288.13$\pm$0

Num exec: 1
Number of KFs: nan$\pm$nan

Map Merging (mean$\pm$std)
Merge Maps: nan$\pm$nan
Welding BA: nan$\pm$nan
Optimization Ess.: nan$\pm$nan
Total Map Merging: nan$\pm$nan

Num exec: 0
Number of KFs: nan$\pm$nan
Number of MPs: nan$\pm$nan

Full GBA (mean$\pm$std)
GBA: 1409.7$\pm$0
Map Update: 42.556$\pm$0
Total Full GBA: 1452.2$\pm$0

Num exec: 1
Num abort: 0
Number of KFs: 198$\pm$0
Number of MPs: 11530$\pm$0

Saving trajectory to f_dataset-V203_stereo_imu.txt ...
There are 1 maps in the atlas
  Map 0 has 218 KFs

End of saving trajectory to f_dataset-V203_stereo_imu.txt ...

Saving keyframe trajectory to kf_dataset-V203_stereo_imu.txt ...
