[RUNNING] MaskCheckerboard | V203 | result_normal | Run 7
num_seq = 1
file name: dataset-V203_stereo_imu
Loading images for sequence 0...LOADED!
Loading IMU for sequence 0...LOADED!

-------

ORB-SLAM3 Copyright (C) 2017-2020 Carlos Campos, Richard Elvira, Juan J. Gómez, José M.M. Montiel and Juan D. Tardós, University of Zaragoza.
ORB-SLAM2 Copyright (C) 2014-2016 Raúl Mur-Artal, José M.M. Montiel and Juan D. Tardós, University of Zaragoza.
This program comes with ABSOLUTELY NO WARRANTY;
This is free software, and you are welcome to redistribute it
under certain conditions. See LICENSE.txt.

Built with REGISTER_TIMES
Git Commit Hash: a5a281a-dirty

Build Type: Release

Compiled with C++ version: 201703

Input sensor was set to: Stereo-Inertial
Loading settings from ./Examples/Stereo-Inertial/EuRoC.yaml
Camera1.k3 optional parameter does not exist...
	-Loaded camera 1
Camera2.k3 optional parameter does not exist...
	-Loaded camera 2
Camera.newHeight optional parameter does not exist...
Camera.newWidth optional parameter does not exist...
	-Loaded image info
IMU.InsertKFsWhenLost optional parameter does not exist...
	-Loaded IMU calibration
	-Loaded ORB settings
	-Loaded viewer settings
System.LoadAtlasFromFile optional parameter does not exist...
System.SaveAtlasToFile optional parameter does not exist...
	-Loaded Atlas settings
System.thFarPoints optional parameter does not exist...
System.enableDeadlines optional parameter does not exist...
System.enableFOV optional parameter does not exist...
System.maskHeight optional parameter does not exist...
System.maskWidth optional parameter does not exist...
System.enableOasis optional parameter does not exist...
System.dumpMapPoints optional parameter does not exist...
	-Loaded misc parameters
	-Computed rectification maps
----------------------------------
SLAM settings: 
	-Camera 1 parameters (Pinhole): [ 458.65399169921875 457.29598999023438 367.21499633789062 248.375 ]
	-Camera 1 distortion parameters: [  -0.28340810537338257 0.073959067463874817 0.00019359000725671649 1.7618711353861727e-05 ]
	-Camera 2 parameters (Pinhole: [ 457.58700561523438 456.13400268554688 379.99899291992188 255.23800659179688 ]
	-Camera 1 distortion parameters: [  -0.2836836576461792 0.074512839317321777 -0.00010473000293131918 -3.555907096597366e-05 ]
	-Original image size: [ 752 , 480 ]
	-Current image size: [ 752 , 480 ]
	-Camera 1 parameters after rectification: [  456.71499633789062 456.71499633789062 364.52615356445312 257.268798828125 ]
	-Sequence FPS: 20
	-Stereo baseline: 0.11007784307003021
	-Stereo depth threshold : 60
	-Gyro noise: 0.00016999999934341758
	-Accelerometer noise: 0.0020000000949949026
	-Gyro walk: 1.9392999092815444e-05
	-Accelerometer walk: 0.0030000000260770321
	-IMU frequency: 200
	-Features per image: 1200
	-ORB scale factor: 1.2000000476837158
	-ORB number of scales: 8
	-Initial FAST threshold: 20
	-Min FAST threshold: 7


Loading ORB Vocabulary. This could take a while...
Vocabulary loaded!

Initialization of Atlas from scratch 
Creation of new map with id: 0
Creation of new map with last KF id: 0
Seq. Name: 
There are 1 cameras in the atlas
Camera 0 is pinhole
SLAM Started at System Time: 1753014668.42039
not IMU meas
not IMU meas
not enough acceleration
not enough acceleration
not enough acceleration
not enough acceleration
not enough acceleration
not enough acceleration
not enough acceleration
not enough acceleration
not enough acceleration
not enough acceleration
not enough acceleration
not enough acceleration
not enough acceleration
not enough acceleration
not enough acceleration
not enough acceleration
not enough acceleration
not enough acceleration
not enough acceleration
not enough acceleration
not enough acceleration
not enough acceleration
not enough acceleration
not enough acceleration
not enough acceleration
not enough acceleration
not enough acceleration
not enough acceleration
not enough acceleration
not enough acceleration
not enough acceleration
not enough acceleration
not enough acceleration
not enough acceleration
not enough acceleration
not enough acceleration
not enough acceleration
not enough acceleration
not enough acceleration
not enough acceleration
not enough acceleration
not enough acceleration
not enough acceleration
not enough acceleration
not enough acceleration
not enough acceleration
not enough acceleration
not enough acceleration
not enough acceleration
not enough acceleration
not enough acceleration
not enough acceleration
not enough acceleration
not enough acceleration
not enough acceleration
not enough acceleration
not enough acceleration
not enough acceleration
not enough acceleration
not enough acceleration
not enough acceleration
not enough acceleration
not enough acceleration
not enough acceleration
not enough acceleration
not enough acceleration
not enough acceleration
not enough acceleration
not enough acceleration
not enough acceleration
not enough acceleration
not enough acceleration
not enough acceleration
not enough acceleration
not enough acceleration
not enough acceleration
not enough acceleration
not enough acceleration
not enough acceleration
not enough acceleration
not enough acceleration
not enough acceleration
not enough acceleration
not enough acceleration
not enough acceleration
not enough acceleration
not enough acceleration
not enough acceleration
not enough acceleration
not enough acceleration
not enough acceleration
not enough acceleration
not enough acceleration
not enough acceleration
not enough acceleration
not enough acceleration
not enough acceleration
not enough acceleration
not enough acceleration
not enough acceleration
not enough acceleration
not enough acceleration
not enough acceleration
not enough acceleration
not enough acceleration
not enough acceleration
not enough acceleration
First KF:0; Map init KF:0
New Map created with 423 points
Active map: 0
start VIBA 1
end VIBA 1
start VIBA 2
end VIBA 2
*Loop detected
phi = -0.0057072788130397151   0.020954242047834238 -0.0061934033246782358
BAD LOOP!!!
*Loop detected
phi =   -0.0016615316579036 -0.017607680285294226 -0.057120539380285801
BAD LOOP!!!
*Loop detected
phi = -0.00092865445482606429    0.012209147530665784    -0.06406879023327515
BAD LOOP!!!
*Loop detected
phi = 0.0050002478832528322 -0.020794159958219385  -0.21644914821908046
BAD LOOP!!!
*Loop detected
phi = -0.0061639763476370891   0.010385690278087511   -0.24506528899011126
BAD LOOP!!!
*Loop detected
phi = -0.011892401825475577   0.08542022378211106 -0.042618410993745574
BAD LOOP!!!
*Loop detected
phi = -0.0078734681493218481    0.11162159723971635   -0.17327784126441698
BAD LOOP!!!
*Loop detected
phi = -0.0091133839873636779    0.16070590727389511   -0.22744219233498303
BAD LOOP!!!
*Loop detected
phi = -0.027903554485413595   0.19770970906585705 -0.030100486178460891
BAD LOOP!!!
*Loop detected
phi =  -0.005054288034177166   0.038417567539179034 -0.0043799533961897379
BAD LOOP!!!
*Loop detected
phi = -0.010422032346057195 0.0038505667411598858  0.018566645687673914
BAD LOOP!!!
*Loop detected
phi =  -0.011289010042053146 -0.0078166074383134478   0.010450526289854661
BAD LOOP!!!
*Loop detected
phi =   -0.03530045082744173 -0.0013883008864966763   0.089319614534187811
BAD LOOP!!!
*Loop detected
phi = -0.048929319086642276 -0.013447156059443126   0.10685777151810191
BAD LOOP!!!
*Loop detected
phi = -0.0048230017419633123   0.016205457792167491   0.030089828871877659
BAD LOOP!!!
*Loop detected
phi = -0.013843985660935166  0.030239814452994555  0.083990927090782166
BAD LOOP!!!
*Loop detected
phi = 0.0011778343170116762 -0.008930722637566826  0.010960001691054313
BAD LOOP!!!
*Loop detected
phi = -0.016275365637537925   0.15750160687249828  -0.02617177830059399
BAD LOOP!!!
*Loop detected
phi = -0.0072693126622507221   0.012194848684576437   0.038702999735127051
BAD LOOP!!!
*Loop detected
phi = -0.0019427493017640236   0.012597949610229352   0.012776122650472311
BAD LOOP!!!
*Loop detected
phi = -0.002024385265953809  0.014681692860621947 0.0094080565415914016
BAD LOOP!!!
*Loop detected
phi = -0.0080634681379196521   0.016757247981683959   0.053094156153531781
BAD LOOP!!!
*Loop detected
phi =  0.0010507164172576596 0.00043491418515125311  0.0086505150048489261
Local Mapping STOP
Local Mapping RELEASE
Shutdown
SLAM Finished at System Time: 1753014800.72198

 TIME STATS in ms (mean$\pm$std)
OpenCV version: 4.8.1
---------------------------
Tracking

ORB Extraction: 17.839$\pm$2.1524
Stereo Matching: 7.9157$\pm$2.3225
IMU Preintegration: 0.18838$\pm$0.066624
Pose Prediction: 0.27166$\pm$0.98307
LM Track: 14.877$\pm$3.4649
New KF decision: 0.39462$\pm$0.38596
Total Tracking: 45.157$\pm$6.0883



Local Mapping

KF Insertion: 10.809$\pm$3.6391
MP Culling: 0.56721$\pm$0.19808
MP Creation: 36.33$\pm$14.086
LBA: 97.696$\pm$38.311
KF Culling: 8.1107$\pm$5.9609
Total Local Mapping: 153.89$\pm$51.678
---------------------------

LBA complexity (mean$\pm$std)
LBA Edges: 2891.9$\pm$895.72
LBA KF optimized: 6.5$\pm$2.2913
LBA KF fixed: 1$\pm$0
LBA MP: nan$\pm$nan

LBA executions: 564
LBA aborts: 0
---------------------------

Map complexity
KFs in map: 211
MPs in map: 9955
---------------------------

Place Recognition (mean$\pm$std)
Database Query: 1.9051$\pm$1.1115
SE3 estimation: 16.325$\pm$13.765
Total Place Recognition: 15.788$\pm$14.688


Loop Closing (mean$\pm$std)
Loop Fusion: 133.73$\pm$0
Essential Graph: 102.76$\pm$0
Total Loop Closing: 261.1$\pm$0

Num exec: 1
Number of KFs: nan$\pm$nan

Map Merging (mean$\pm$std)
Merge Maps: nan$\pm$nan
Welding BA: nan$\pm$nan
Optimization Ess.: nan$\pm$nan
Total Map Merging: nan$\pm$nan

Num exec: 0
Number of KFs: nan$\pm$nan
Number of MPs: nan$\pm$nan

Full GBA (mean$\pm$std)
GBA: nan$\pm$nan
Map Update: nan$\pm$nan
Total Full GBA: nan$\pm$nan

Num exec: 0
Num abort: 0
Number of KFs: nan$\pm$nan
Number of MPs: nan$\pm$nan

Saving trajectory to f_dataset-V203_stereo_imu.txt ...
There are 1 maps in the atlas
  Map 0 has 211 KFs

End of saving trajectory to f_dataset-V203_stereo_imu.txt ...

Saving keyframe trajectory to kf_dataset-V203_stereo_imu.txt ...
